0 verbose cli /usr/bin/node-20 /usr/bin/npm
1 info using npm@10.8.2
2 info using node@v20.20.0
3 silly config load:file:/usr/lib/nodejs20/lib/node_modules/npm/npmrc
4 silly config load:file:/home/cloudshell-user/.npmrc
5 silly config load:file:/usr/lib/nodejs20/etc/npmrc
6 verbose title npm create vite@latest ai-recipe-generator --template react-ts -y
7 verbose argv "create" "vite@latest" "ai-recipe-generator" "--" "--template" "react-ts" "-y"
8 verbose logfile logs-max:10 dir:/home/cloudshell-user/.npm/_logs/2026-02-27T08_41_52_186Z-
9 verbose logfile /home/cloudshell-user/.npm/_logs/2026-02-27T08_41_52_186Z-debug-0.log
10 silly logfile done cleaning log files
11 silly packumentCache heap:2041577472 maxSize:510394368 maxEntrySize:255197184
12 http fetch GET 200 https://registry.npmjs.org/create-vite 166ms (cache revalidated)
13 silly packumentCache heap:2041577472 maxSize:510394368 maxEntrySize:255197184
14 silly idealTree buildDeps
15 silly fetch manifest create-vite@8.3.0
16 silly packumentCache full:https://registry.npmjs.org/create-vite cache-miss
17 http fetch GET 200 https://registry.npmjs.org/create-vite 374ms (cache miss)
18 silly packumentCache full:https://registry.npmjs.org/create-vite set size:undefined disposed:false
19 silly placeDep ROOT create-vite@8.3.0 OK for:  want: 8.3.0
20 silly reify moves {}
21 silly audit bulk request { 'create-vite': [ '8.3.0' ] }
22 silly tarball no local data for create-vite@https://registry.npmjs.org/create-vite/-/create-vite-8.3.0.tgz. Extracting by manifest.
23 http fetch GET 200 https://registry.npmjs.org/create-vite/-/create-vite-8.3.0.tgz 186ms (cache miss)
24 http fetch POST 200 https://registry.npmjs.org/-/npm/v1/security/advisories/bulk 287ms
25 silly audit report {}
