0 verbose cli /usr/bin/node-20 /usr/bin/npm
1 info using npm@10.8.2
2 info using node@v20.20.0
3 silly config load:file:/usr/lib/nodejs20/lib/node_modules/npm/npmrc
4 silly config load:file:/home/cloudshell-user/.npmrc
5 silly config load:file:/usr/lib/nodejs20/etc/npmrc
6 verbose title npm install
7 verbose argv "install"
8 verbose logfile logs-max:10 dir:/home/cloudshell-user/.npm/_logs/2026-02-27T08_41_17_498Z-
9 verbose logfile /home/cloudshell-user/.npm/_logs/2026-02-27T08_41_17_498Z-debug-0.log
10 silly packumentCache heap:2041577472 maxSize:510394368 maxEntrySize:255197184
11 silly logfile done cleaning log files
12 silly idealTree buildDeps
13 silly reify moves {}
14 verbose stack Error: Could not read package.json: Error: ENOENT: no such file or directory, open '/home/cloudshell-user/package.json'
14 verbose stack     at async open (node:internal/fs/promises:634:25)
14 verbose stack     at async readFile (node:internal/fs/promises:1236:14)
14 verbose stack     at async read (/usr/lib/nodejs20/lib/node_modules/npm/node_modules/@npmcli/package-json/lib/read-package.js:9:18)
14 verbose stack     at async PackageJson.load (/usr/lib/nodejs20/lib/node_modules/npm/node_modules/@npmcli/package-json/lib/index.js:130:31)
14 verbose stack     at async PackageJson.normalize (/usr/lib/nodejs20/lib/node_modules/npm/node_modules/@npmcli/package-json/lib/index.js:116:5)
14 verbose stack     at async runScript (/usr/lib/nodejs20/lib/node_modules/npm/node_modules/@npmcli/run-script/lib/run-script.js:11:28)
14 verbose stack     at async Install.exec (/usr/lib/nodejs20/lib/node_modules/npm/lib/commands/install.js:163:9)
14 verbose stack     at async Npm.exec (/usr/lib/nodejs20/lib/node_modules/npm/lib/npm.js:207:9)
14 verbose stack     at async module.exports (/usr/lib/nodejs20/lib/node_modules/npm/lib/cli/entry.js:74:5)
15 error code ENOENT
16 error syscall open
17 error path /home/cloudshell-user/package.json
18 error errno -2
19 error enoent Could not read package.json: Error: ENOENT: no such file or directory, open '/home/cloudshell-user/package.json'
20 error enoent This is related to npm not being able to find a file.
20 error enoent
21 verbose cwd /home/cloudshell-user
22 verbose os Linux 6.1.161-183.298.amzn2023.x86_64
23 verbose node v20.20.0
24 verbose npm  v10.8.2
25 verbose exit -2
26 verbose code -2
27 error A complete log of this run can be found in: /home/cloudshell-user/.npm/_logs/2026-02-27T08_41_17_498Z-debug-0.log
